# JRE version: OpenJDK Runtime Environment Temurin-17.0.5+8 (17.0.5+8) (build 17.0.5+8)
# Java VM: OpenJDK 64-Bit Server VM Temurin-17.0.5+8 (17.0.5+8, mixed mode, emulated-client, tiered, compressed oops, compressed class ptrs, g1 gc, windows-amd64)
GC Precious Log:
 CPUs: 6 total, 6 available
 Memory: 7541M
 Large Page Support: Disabled
 NUMA Support: Disabled
 Compressed Oops: Enabled (32-bit)
 Heap Region Size: 1M
 Heap Min Capacity: 8M
 Heap Initial Capacity: 118M
 Heap Max Capacity: 1G
 Pre-touch: Disabled
 Parallel Workers: 6
 Concurrent Workers: 2
 Concurrent Refinement Workers: 6
 Periodic GC: Disabled
Heap:
 garbage-first heap   total 393216K, used 178811K [0x00000000c0000000, 0x0000000100000000)
  region size 1024K, 58 young (59392K), 26 survivors (26624K)
 Metaspace       used 50140K, committed 50560K, reserved 1097728K
  class space    used 6305K, committed 6528K, reserved 1048576K
GC Heap History (20 events):
Event: 22.833 GC heap before
{Heap before GC invocations=26 (full 0):
 garbage-first heap   total 163840K, used 105323K [0x00000000c0000000, 0x0000000100000000)
  region size 1024K, 37 young (37888K), 1 survivors (1024K)
 Metaspace       used 39036K, committed 39424K, reserved 1089536K
  class space    used 4996K, committed 5184K, reserved 1048576K
}
Event: 22.836 GC heap after
{Heap after GC invocations=27 (full 0):
 garbage-first heap   total 163840K, used 70296K [0x00000000c0000000, 0x0000000100000000)
  region size 1024K, 2 young (2048K), 2 survivors (2048K)
 Metaspace       used 39036K, committed 39424K, reserved 1089536K
  class space    used 4996K, committed 5184K, reserved 1048576K
}
Event: 22.895 GC heap before
{Heap before GC invocations=27 (full 0):
 garbage-first heap   total 163840K, used 112280K [0x00000000c0000000, 0x0000000100000000)
  region size 1024K, 44 young (45056K), 2 survivors (2048K)
 Metaspace       used 39269K, committed 39680K, reserved 1089536K
  class space    used 5017K, committed 5184K, reserved 1048576K
}
Event: 22.898 GC heap after
{Heap after GC invocations=28 (full 0):
 garbage-first heap   total 163840K, used 71809K [0x00000000c0000000, 0x0000000100000000)
  region size 1024K, 4 young (4096K), 4 survivors (4096K)
 Metaspace       used 39269K, committed 39680K, reserved 1089536K
  class space    used 5017K, committed 5184K, reserved 1048576K
}
Event: 22.972 GC heap before
{Heap before GC invocations=28 (full 0):
 garbage-first heap   total 163840K, used 119937K [0x00000000c0000000, 0x0000000100000000)
  region size 1024K, 52 young (53248K), 4 survivors (4096K)
 Metaspace       used 39351K, committed 39744K, reserved 1089536K
  class space    used 5024K, committed 5184K, reserved 1048576K
}
Event: 22.978 GC heap after
{Heap after GC invocations=29 (full 0):
 garbage-first heap   total 393216K, used 73855K [0x00000000c0000000, 0x0000000100000000)
  region size 1024K, 6 young (6144K), 6 survivors (6144K)
 Metaspace       used 39351K, committed 39744K, reserved 1089536K
  class space    used 5024K, committed 5184K, reserved 1048576K
}
Event: 23.649 GC heap before
{Heap before GC invocations=29 (full 0):
 garbage-first heap   total 393216K, used 270463K [0x00000000c0000000, 0x0000000100000000)
  region size 1024K, 198 young (202752K), 6 survivors (6144K)
 Metaspace       used 39756K, committed 40128K, reserved 1089536K
  class space    used 5086K, committed 5248K, reserved 1048576K
}
Event: 23.666 GC heap after
{Heap after GC invocations=30 (full 0):
 garbage-first heap   total 393216K, used 83404K [0x00000000c0000000, 0x0000000100000000)
  region size 1024K, 14 young (14336K), 14 survivors (14336K)
 Metaspace       used 39756K, committed 40128K, reserved 1089536K
  class space    used 5086K, committed 5248K, reserved 1048576K
}
Event: 24.085 GC heap before
{Heap before GC invocations=30 (full 0):
 garbage-first heap   total 393216K, used 302540K [0x00000000c0000000, 0x0000000100000000)
  region size 1024K, 229 young (234496K), 14 survivors (14336K)
 Metaspace       used 39756K, committed 40128K, reserved 1089536K
  class space    used 5086K, committed 5248K, reserved 1048576K
}
Event: 24.101 GC heap after
{Heap after GC invocations=31 (full 0):
 garbage-first heap   total 393216K, used 94791K [0x00000000c0000000, 0x0000000100000000)
  region size 1024K, 25 young (25600K), 25 survivors (25600K)
 Metaspace       used 39756K, committed 40128K, reserved 1089536K
  class space    used 5086K, committed 5248K, reserved 1048576K
}
Event: 24.498 GC heap before
{Heap before GC invocations=31 (full 0):
 garbage-first heap   total 393216K, used 303687K [0x00000000c0000000, 0x0000000100000000)
  region size 1024K, 230 young (235520K), 25 survivors (25600K)
 Metaspace       used 40658K, committed 41152K, reserved 1089536K
  class space    used 5165K, committed 5376K, reserved 1048576K
}
Event: 24.523 GC heap after
{Heap after GC invocations=32 (full 0):
 garbage-first heap   total 393216K, used 105402K [0x00000000c0000000, 0x0000000100000000)
  region size 1024K, 22 young (22528K), 22 survivors (22528K)
 Metaspace       used 40658K, committed 41152K, reserved 1089536K
  class space    used 5165K, committed 5376K, reserved 1048576K
}
Event: 24.823 GC heap before
{Heap before GC invocations=32 (full 0):
 garbage-first heap   total 393216K, used 312250K [0x00000000c0000000, 0x0000000100000000)
  region size 1024K, 225 young (230400K), 22 survivors (22528K)
 Metaspace       used 42192K, committed 42688K, reserved 1089536K
  class space    used 5294K, committed 5504K, reserved 1048576K
}
Event: 24.839 GC heap after
{Heap after GC invocations=33 (full 0):
 garbage-first heap   total 393216K, used 113003K [0x00000000c0000000, 0x0000000100000000)
  region size 1024K, 19 young (19456K), 19 survivors (19456K)
 Metaspace       used 42192K, committed 42688K, reserved 1089536K
  class space    used 5294K, committed 5504K, reserved 1048576K
}
Event: 25.218 GC heap before
{Heap before GC invocations=33 (full 0):
 garbage-first heap   total 393216K, used 318827K [0x00000000c0000000, 0x0000000100000000)
  region size 1024K, 221 young (226304K), 19 survivors (19456K)
 Metaspace       used 43422K, committed 43904K, reserved 1089536K
  class space    used 5429K, committed 5696K, reserved 1048576K
}
Event: 25.235 GC heap after
{Heap after GC invocations=34 (full 0):
 garbage-first heap   total 393216K, used 122219K [0x00000000c0000000, 0x0000000100000000)
  region size 1024K, 18 young (18432K), 18 survivors (18432K)
 Metaspace       used 43422K, committed 43904K, reserved 1089536K
  class space    used 5429K, committed 5696K, reserved 1048576K
}
Event: 25.787 GC heap before
{Heap before GC invocations=34 (full 0):
 garbage-first heap   total 393216K, used 323947K [0x00000000c0000000, 0x0000000100000000)
  region size 1024K, 216 young (221184K), 18 survivors (18432K)
 Metaspace       used 45611K, committed 46080K, reserved 1089536K
  class space    used 5737K, committed 5952K, reserved 1048576K
}
Event: 25.800 GC heap after
{Heap after GC invocations=35 (full 0):
 garbage-first heap   total 393216K, used 133578K [0x00000000c0000000, 0x0000000100000000)
  region size 1024K, 20 young (20480K), 20 survivors (20480K)
 Metaspace       used 45611K, committed 46080K, reserved 1089536K
  class space    used 5737K, committed 5952K, reserved 1048576K
}
Event: 26.307 GC heap before
{Heap before GC invocations=35 (full 0):
 garbage-first heap   total 393216K, used 325066K [0x00000000c0000000, 0x0000000100000000)
  region size 1024K, 208 young (212992K), 20 survivors (20480K)
 Metaspace       used 47783K, committed 48256K, reserved 1097728K
  class space    used 6011K, committed 6208K, reserved 1048576K
}
Event: 26.325 GC heap after
{Heap after GC invocations=36 (full 0):
 garbage-first heap   total 393216K, used 148091K [0x00000000c0000000, 0x0000000100000000)
  region size 1024K, 26 young (26624K), 26 survivors (26624K)
 Metaspace       used 47783K, committed 48256K, reserved 1097728K
  class space    used 6011K, committed 6208K, reserved 1048576K
}

