# JRE version: OpenJDK Runtime Environment Temurin-17.0.5+8 (17.0.5+8) (build 17.0.5+8)
# Java VM: OpenJDK 64-Bit Server VM Temurin-17.0.5+8 (17.0.5+8, mixed mode, emulated-client, tiered, compressed oops, compressed class ptrs, g1 gc, windows-amd64)
GC Precious Log:
 CPUs: 6 total, 6 available
 Memory: 7541M
 Large Page Support: Disabled
 NUMA Support: Disabled
 Compressed Oops: Enabled (32-bit)
 Heap Region Size: 1M
 Heap Min Capacity: 8M
 Heap Initial Capacity: 118M
 Heap Max Capacity: 1G
 Pre-touch: Disabled
 Parallel Workers: 6
 Concurrent Workers: 2
 Concurrent Refinement Workers: 6
 Periodic GC: Disabled
Heap:
 garbage-first heap   total 229376K, used 81075K [0x00000000c0000000, 0x0000000100000000)
  region size 1024K, 1 young (1024K), 0 survivors (0K)
 Metaspace       used 69511K, committed 70208K, reserved 1114112K
  class space    used 9401K, committed 9728K, reserved 1048576K
GC Heap History (20 events):
Event: 65887.238 GC heap before
{Heap before GC invocations=2429 (full 2370):
 garbage-first heap   total 229376K, used 81075K [0x00000000c0000000, 0x0000000100000000)
  region size 1024K, 1 young (1024K), 0 survivors (0K)
 Metaspace       used 69511K, committed 70208K, reserved 1114112K
  class space    used 9401K, committed 9728K, reserved 1048576K
}
Event: 65887.298 GC heap after
{Heap after GC invocations=2430 (full 2371):
 garbage-first heap   total 229376K, used 81075K [0x00000000c0000000, 0x0000000100000000)
  region size 1024K, 0 young (0K), 0 survivors (0K)
 Metaspace       used 69511K, committed 70208K, reserved 1114112K
  class space    used 9401K, committed 9728K, reserved 1048576K
}
Event: 65897.685 GC heap before
{Heap before GC invocations=2430 (full 2371):
 garbage-first heap   total 229376K, used 81075K [0x00000000c0000000, 0x0000000100000000)
  region size 1024K, 1 young (1024K), 0 survivors (0K)
 Metaspace       used 69511K, committed 70208K, reserved 1114112K
  class space    used 9401K, committed 9728K, reserved 1048576K
}
Event: 65897.736 GC heap after
{Heap after GC invocations=2431 (full 2372):
 garbage-first heap   total 229376K, used 81075K [0x00000000c0000000, 0x0000000100000000)
  region size 1024K, 0 young (0K), 0 survivors (0K)
 Metaspace       used 69511K, committed 70208K, reserved 1114112K
  class space    used 9401K, committed 9728K, reserved 1048576K
}
Event: 65908.068 GC heap before
{Heap before GC invocations=2431 (full 2372):
 garbage-first heap   total 229376K, used 81075K [0x00000000c0000000, 0x0000000100000000)
  region size 1024K, 1 young (1024K), 0 survivors (0K)
 Metaspace       used 69511K, committed 70208K, reserved 1114112K
  class space    used 9401K, committed 9728K, reserved 1048576K
}
Event: 65908.120 GC heap after
{Heap after GC invocations=2432 (full 2373):
 garbage-first heap   total 229376K, used 81075K [0x00000000c0000000, 0x0000000100000000)
  region size 1024K, 0 young (0K), 0 survivors (0K)
 Metaspace       used 69511K, committed 70208K, reserved 1114112K
  class space    used 9401K, committed 9728K, reserved 1048576K
}
Event: 65918.536 GC heap before
{Heap before GC invocations=2432 (full 2373):
 garbage-first heap   total 229376K, used 81075K [0x00000000c0000000, 0x0000000100000000)
  region size 1024K, 1 young (1024K), 0 survivors (0K)
 Metaspace       used 69511K, committed 70208K, reserved 1114112K
  class space    used 9401K, committed 9728K, reserved 1048576K
}
Event: 65918.589 GC heap after
{Heap after GC invocations=2433 (full 2374):
 garbage-first heap   total 229376K, used 81075K [0x00000000c0000000, 0x0000000100000000)
  region size 1024K, 0 young (0K), 0 survivors (0K)
 Metaspace       used 69511K, committed 70208K, reserved 1114112K
  class space    used 9401K, committed 9728K, reserved 1048576K
}
Event: 65929.260 GC heap before
{Heap before GC invocations=2433 (full 2374):
 garbage-first heap   total 229376K, used 81075K [0x00000000c0000000, 0x0000000100000000)
  region size 1024K, 1 young (1024K), 0 survivors (0K)
 Metaspace       used 69511K, committed 70208K, reserved 1114112K
  class space    used 9401K, committed 9728K, reserved 1048576K
}
Event: 65929.318 GC heap after
{Heap after GC invocations=2434 (full 2375):
 garbage-first heap   total 229376K, used 81075K [0x00000000c0000000, 0x0000000100000000)
  region size 1024K, 0 young (0K), 0 survivors (0K)
 Metaspace       used 69511K, committed 70208K, reserved 1114112K
  class space    used 9401K, committed 9728K, reserved 1048576K
}
Event: 65939.783 GC heap before
{Heap before GC invocations=2434 (full 2375):
 garbage-first heap   total 229376K, used 81075K [0x00000000c0000000, 0x0000000100000000)
  region size 1024K, 1 young (1024K), 0 survivors (0K)
 Metaspace       used 69511K, committed 70208K, reserved 1114112K
  class space    used 9401K, committed 9728K, reserved 1048576K
}
Event: 65939.902 GC heap after
{Heap after GC invocations=2435 (full 2376):
 garbage-first heap   total 229376K, used 81075K [0x00000000c0000000, 0x0000000100000000)
  region size 1024K, 0 young (0K), 0 survivors (0K)
 Metaspace       used 69511K, committed 70208K, reserved 1114112K
  class space    used 9401K, committed 9728K, reserved 1048576K
}
Event: 65950.469 GC heap before
{Heap before GC invocations=2435 (full 2376):
 garbage-first heap   total 229376K, used 81075K [0x00000000c0000000, 0x0000000100000000)
  region size 1024K, 1 young (1024K), 0 survivors (0K)
 Metaspace       used 69511K, committed 70208K, reserved 1114112K
  class space    used 9401K, committed 9728K, reserved 1048576K
}
Event: 65950.559 GC heap after
{Heap after GC invocations=2436 (full 2377):
 garbage-first heap   total 229376K, used 81075K [0x00000000c0000000, 0x0000000100000000)
  region size 1024K, 0 young (0K), 0 survivors (0K)
 Metaspace       used 69511K, committed 70208K, reserved 1114112K
  class space    used 9401K, committed 9728K, reserved 1048576K
}
Event: 65960.920 GC heap before
{Heap before GC invocations=2436 (full 2377):
 garbage-first heap   total 229376K, used 81075K [0x00000000c0000000, 0x0000000100000000)
  region size 1024K, 1 young (1024K), 0 survivors (0K)
 Metaspace       used 69511K, committed 70208K, reserved 1114112K
  class space    used 9401K, committed 9728K, reserved 1048576K
}
Event: 65960.995 GC heap after
{Heap after GC invocations=2437 (full 2378):
 garbage-first heap   total 229376K, used 81075K [0x00000000c0000000, 0x0000000100000000)
  region size 1024K, 0 young (0K), 0 survivors (0K)
 Metaspace       used 69511K, committed 70208K, reserved 1114112K
  class space    used 9401K, committed 9728K, reserved 1048576K
}
Event: 65971.552 GC heap before
{Heap before GC invocations=2437 (full 2378):
 garbage-first heap   total 229376K, used 81075K [0x00000000c0000000, 0x0000000100000000)
  region size 1024K, 1 young (1024K), 0 survivors (0K)
 Metaspace       used 69511K, committed 70208K, reserved 1114112K
  class space    used 9401K, committed 9728K, reserved 1048576K
}
Event: 65971.671 GC heap after
{Heap after GC invocations=2438 (full 2379):
 garbage-first heap   total 229376K, used 81075K [0x00000000c0000000, 0x0000000100000000)
  region size 1024K, 0 young (0K), 0 survivors (0K)
 Metaspace       used 69511K, committed 70208K, reserved 1114112K
  class space    used 9401K, committed 9728K, reserved 1048576K
}
Event: 65982.296 GC heap before
{Heap before GC invocations=2438 (full 2379):
 garbage-first heap   total 229376K, used 81075K [0x00000000c0000000, 0x0000000100000000)
  region size 1024K, 1 young (1024K), 0 survivors (0K)
 Metaspace       used 69511K, committed 70208K, reserved 1114112K
  class space    used 9401K, committed 9728K, reserved 1048576K
}
Event: 65982.363 GC heap after
{Heap after GC invocations=2439 (full 2380):
 garbage-first heap   total 229376K, used 81075K [0x00000000c0000000, 0x0000000100000000)
  region size 1024K, 0 young (0K), 0 survivors (0K)
 Metaspace       used 69511K, committed 70208K, reserved 1114112K
  class space    used 9401K, committed 9728K, reserved 1048576K
}

